Crashlog created at 2013-02-19 00:10:14 +0100

=== MESSAGE:

Encoding::CompatibilityError: incompatible encoding regexp match (UTF-8 regexp with ASCII-8BIT string)

=== COMPILATION STACK:

  (empty)

=== BACKTRACE:

  0. C:/Ruby193/lib/ruby/gems/1.9.1/gems/nanoc-3.4.3/lib/nanoc/cli/stream_cleaners/utf8.rb:11:in `gsub'
  1. C:/Ruby193/lib/ruby/gems/1.9.1/gems/nanoc-3.4.3/lib/nanoc/cli/stream_cleaners/utf8.rb:11:in `clean'
  2. C:/Ruby193/lib/ruby/gems/1.9.1/gems/nanoc-3.4.3/lib/nanoc/cli/cleaning_stream.rb:105:in `block in clean'
  3. C:/Ruby193/lib/ruby/gems/1.9.1/gems/nanoc-3.4.3/lib/nanoc/cli/cleaning_stream.rb:105:in `each'
  4. C:/Ruby193/lib/ruby/gems/1.9.1/gems/nanoc-3.4.3/lib/nanoc/cli/cleaning_stream.rb:105:in `inject'
  5. C:/Ruby193/lib/ruby/gems/1.9.1/gems/nanoc-3.4.3/lib/nanoc/cli/cleaning_stream.rb:105:in `clean'
  6. C:/Ruby193/lib/ruby/gems/1.9.1/gems/nanoc-3.4.3/lib/nanoc/cli/cleaning_stream.rb:49:in `<<'
  7. C:/Ruby193/lib/ruby/1.9.1/webrick/log.rb:58:in `log'
  8. C:/Ruby193/lib/ruby/1.9.1/webrick/log.rb:133:in `log'
  9. C:/Ruby193/lib/ruby/1.9.1/webrick/log.rb:73:in `warn'
  10. C:/Ruby193/lib/ruby/1.9.1/webrick/utils.rb:90:in `rescue in block in create_listeners'
  11. C:/Ruby193/lib/ruby/1.9.1/webrick/utils.rb:83:in `block in create_listeners'
  12. C:/Ruby193/lib/ruby/1.9.1/webrick/utils.rb:82:in `each'
  13. C:/Ruby193/lib/ruby/1.9.1/webrick/utils.rb:82:in `create_listeners'
  14. C:/Ruby193/lib/ruby/1.9.1/webrick/server.rb:82:in `listen'
  15. C:/Ruby193/lib/ruby/1.9.1/webrick/server.rb:70:in `initialize'
  16. C:/Ruby193/lib/ruby/1.9.1/webrick/httpserver.rb:45:in `initialize'
  17. C:/Ruby193/lib/ruby/gems/1.9.1/gems/rack-1.4.1/lib/rack/handler/webrick.rb:10:in `new'
  18. C:/Ruby193/lib/ruby/gems/1.9.1/gems/rack-1.4.1/lib/rack/handler/webrick.rb:10:in `run'
  19. C:/Ruby193/lib/ruby/gems/1.9.1/gems/nanoc-3.4.3/lib/nanoc/cli/commands/view.rb:51:in `run'
  20. C:/Ruby193/lib/ruby/gems/1.9.1/gems/nanoc-3.4.3/lib/nanoc/cli/command_runner.rb:14:in `block in call'
  21. C:/Ruby193/lib/ruby/gems/1.9.1/gems/nanoc-3.4.3/lib/nanoc/cli/error_handler.rb:63:in `handle_while'
  22. C:/Ruby193/lib/ruby/gems/1.9.1/gems/nanoc-3.4.3/lib/nanoc/cli/error_handler.rb:26:in `handle_while'
  23. C:/Ruby193/lib/ruby/gems/1.9.1/gems/nanoc-3.4.3/lib/nanoc/cli/command_runner.rb:13:in `call'
  24. C:/Ruby193/lib/ruby/gems/1.9.1/gems/cri-2.3.0/lib/cri/command_dsl.rb:185:in `block in runner'
  25. C:/Ruby193/lib/ruby/gems/1.9.1/gems/cri-2.3.0/lib/cri/command.rb:296:in `call'
  26. C:/Ruby193/lib/ruby/gems/1.9.1/gems/cri-2.3.0/lib/cri/command.rb:296:in `run_this'
  27. C:/Ruby193/lib/ruby/gems/1.9.1/gems/cri-2.3.0/lib/cri/command.rb:249:in `run'
  28. C:/Ruby193/lib/ruby/gems/1.9.1/gems/cri-2.3.0/lib/cri/command.rb:262:in `run'
  29. C:/Ruby193/lib/ruby/gems/1.9.1/gems/nanoc-3.4.3/lib/nanoc/cli.rb:52:in `block in run'
  30. C:/Ruby193/lib/ruby/gems/1.9.1/gems/nanoc-3.4.3/lib/nanoc/cli/error_handler.rb:63:in `handle_while'
  31. C:/Ruby193/lib/ruby/gems/1.9.1/gems/nanoc-3.4.3/lib/nanoc/cli/error_handler.rb:26:in `handle_while'
  32. C:/Ruby193/lib/ruby/gems/1.9.1/gems/nanoc-3.4.3/lib/nanoc/cli.rb:50:in `run'
  33. C:/Ruby193/lib/ruby/gems/1.9.1/gems/nanoc-3.4.3/bin/nanoc:19:in `<top (required)>'
  34. C:/Ruby193/bin/nanoc:23:in `load'
  35. C:/Ruby193/bin/nanoc:23:in `<main>'

=== VERSION INFORMATION:

nanoc 3.4.3 © 2007-2012 Denis Defreyne.
Running ruby 1.9.3 (2013-01-15) on i386-mingw32 with RubyGems 1.8.24.

=== SYSTEM INFORMATION:

MINGW32_NT-6.1 SG-1476 1.0.12(0.46/3/2) 2011-07-20 17:52 i686 unknown

=== INSTALLED GEMS:

  adsf 1.1.1
  builder 3.1.3
  bundler 1.2.3
  coderay 1.0.6
  colored 1.2
  cri 2.3.0
  fssm 0.2.9
  json_pure 1.7.6
  kramdown 0.13.7
  mime-types 1.18
  nanoc 3.4.3
  nokogiri 1.4.7
  rack 1.4.1
  rake 0.9.2.2

=== ENVIRONMENT:

ALLUSERSPROFILE => "C:\\ProgramData"
APPDATA => "C:\\Users\\operador\\AppData\\Roaming"
BUNDLE_BIN_PATH => "C:/Ruby193/lib/ruby/gems/1.9.1/gems/bundler-1.2.3/bin/bundle"
BUNDLE_GEMFILE => "C:/Users/operador/Documents/GitHub/TuBlue-Docs/Gemfile"
COMPUTERNAME => "SG-1476"
ComSpec => "C:\\windows\\system32\\cmd.exe"
CommonProgramFiles => "C:\\Program Files (x86)\\Common Files"
CommonProgramFiles(x86) => "C:\\Program Files (x86)\\Common Files"
CommonProgramW6432 => "C:\\Program Files\\Common Files"
EDITOR => "GitPad"
FP_NO_HOST_CHECK => "NO"
GEM_HOME => "C:/Ruby193/lib/ruby/gems/1.9.1"
GEM_PATH => "C:/Ruby193/lib/ruby/gems/1.9.1;C:/Users/operador/.gem/ruby/1.9.1"
HOME => "C:\\Users\\operador"
HOMEDRIVE => "C:"
HOMEPATH => "\\Users\\operador"
LOCALAPPDATA => "C:\\Users\\operador\\AppData\\Local"
LOGONSERVER => "\\\\SG-1476"
NUMBER_OF_PROCESSORS => "4"
OS => "Windows_NT"
OnlineServices => "Online Services"
PATHEXT => ".COM;.EXE;.BAT;.CMD;.VBS;.VBE;.JS;.JSE;.WSF;.WSH;.MSC;.RB;.RBW"
PCBRAND => "s"
PLINK_PROTOCOL => "ssh"
PROCESSOR_ARCHITECTURE => "x86"
PROCESSOR_ARCHITEW6432 => "AMD64"
PROCESSOR_IDENTIFIER => "Intel64 Family 6 Model 42 Stepping 7, GenuineIntel"
PROCESSOR_LEVEL => "6"
PROCESSOR_REVISION => "2a07"
PROMPT => "$P$G"
PSExecutionPolicyPreference => "Unrestricted"
PSModulePath => "C:\\Users\\operador\\Documents\\WindowsPowerShell\\Modules;C:\\windows\\system32\\WindowsPowerShell\\v1.0\\Modules\\"
PTSMInstallPath_X86 => "c:\\Program Files (x86)\\Hewlett-Packard\\HP ProtectTools Security Manager\\"
PUBLIC => "C:\\Users\\Public"
Path => "C:/Ruby193/lib/ruby/gems/1.9.1/bin;C:\\Users\\operador\\AppData\\Local\\GitHub\\PortableGit_64179092f39f5dacb60dcab147fb4d04266c0eae\\cmd;C:\\Users\\operador\\AppData\\Local\\GitHub\\PortableGit_64179092f39f5dacb60dcab147fb4d04266c0eae\\bin;C:\\Users\\operador\\AppData\\Local\\Apps\\2.0\\J8EZ7C18.4YE\\2KNH7N77.36W\\gith..tion_8f45a2159c87c850_0001.0000_08518f4765fcab80;C:\\windows\\Microsoft.NET\\Framework\\v4.0.30319;C:\\Users\\operador\\AppData\\Local\\Apps\\2.0\\J8EZ7C18.4YE\\2KNH7N77.36W\\gith..tion_8f45a2159c87c850_0001.0000_08518f4765fcab80\\NativeBinaries/x86;C:\\Users\\operador\\AppData\\Local\\Temp\\nss7419444664113187778.tmp;C:\\Ruby193\\bin;C:\\Users\\operador\\AppData\\Local\\GitHub\\PortableGit_8810fd5c2c79c73adcc73fd0825f3b32fdb816e7\\cmd;C:\\Users\\operador\\AppData\\Local\\GitHub\\PortableGit_8810fd5c2c79c73adcc73fd0825f3b32fdb816e7\\bin;C:\\Users\\operador\\AppData\\Local\\GitHub\\PortableGit_8810fd5c2c79c73adcc73fd0825f3b32fdb816e7\\mingw\\bin;C:\\Users\\operador\\AppData\\Local\\Apps\\2.0\\J8EZ7C18.4YE\\2KNH7N77.36W\\gith..tion_8f45a2159c87c850_0001.0000_f35d3e4b23b1eb00;C:\\Program Files\\Common Files\\Microsoft Shared\\Windows Live;C:\\Program Files (x86)\\Common Files\\Microsoft Shared\\Windows Live;C:\\windows\\system32;C:\\windows;C:\\windows\\System32\\Wbem;C:\\windows\\System32\\WindowsPowerShell\\v1.0\\;C:\\Program Files (x86)\\Windows Live\\Shared;C:\\Program Files (x86)\\Intel\\Services\\IPT\\;\\Ruby193\\bin\xFA?"
Platform => "BNB"
ProgramData => "C:\\ProgramData"
ProgramFiles => "C:\\Program Files (x86)"
ProgramFiles(x86) => "C:\\Program Files (x86)"
ProgramW6432 => "C:\\Program Files"
RUBYOPT => "-IC:/Ruby193/lib/ruby/gems/1.9.1/gems/bundler-1.2.3/lib -rbundler/setup"
SESSIONNAME => "Console"
SSH_AGENT_PID => "7048"
SSH_AUTH_SOCK => "/tmp/ssh-jDulkv6656/agent.6656"
SystemDrive => "C:"
SystemRoot => "C:\\windows"
TEMP => "C:\\Users\\operador\\AppData\\Local\\Temp\\"
TERM => "cygwin"
TMP => "C:\\Users\\operador\\AppData\\Local\\Temp\\"
USER => "operador"
USERDOMAIN => "SG-1476"
USERNAME => "operador"
USERPROFILE => "C:\\Users\\operador"
git_install_root => "C:\\Users\\operador\\AppData\\Local\\GitHub\\PortableGit_64179092f39f5dacb60dcab147fb4d04266c0eae"
github_git => "C:\\Users\\operador\\AppData\\Local\\GitHub\\PortableGit_64179092f39f5dacb60dcab147fb4d04266c0eae"
github_posh_git => "C:\\Users\\operador\\AppData\\Local\\GitHub\\PoshGit_e0fc5e56ff55708a890f408f03656f758fa0ba8a"
github_shell => "true"
posh_git => "C:\\Users\\operador\\AppData\\Local\\GitHub\\PoshGit_e0fc5e56ff55708a890f408f03656f758fa0ba8a\\profile.example.ps1"
windir => "C:\\windows"

=== GEMFILE.LOCK:

GEM
  remote: http://rubygems.org/
  specs:
    adsf (1.1.1)
      rack (>= 1.0.0)
    builder (3.1.3)
    coderay (1.0.6)
    colored (1.2)
    cri (2.3.0)
      colored (>= 1.2)
    fssm (0.2.9)
    json_pure (1.7.6)
    kramdown (0.13.7)
    mime-types (1.18)
    nanoc (3.4.3)
      cri (~> 2.2)
    nokogiri (1.4.7)
    nokogiri (1.4.7-x86-mingw32)
    rack (1.4.1)
    rake (0.9.2.2)

PLATFORMS
  ruby
  x86-mingw32

DEPENDENCIES
  adsf
  builder
  coderay
  fssm
  json_pure
  kramdown (~> 0.13.2)
  mime-types (~> 1.16)
  nanoc (~> 3.4.3)
  nokogiri (~> 1.4.4)
  rake (~> 0.9.2)

=== $LOAD_PATH:

  0. C:/Ruby193/lib/ruby/gems/1.9.1/gems/nanoc-3.4.3/lib
  1. C:/Ruby193/lib/ruby/gems/1.9.1/gems/nokogiri-1.4.7-x86-mingw32/lib
  2. C:/Ruby193/lib/ruby/gems/1.9.1/gems/nanoc-3.4.3/lib
  3. C:/Ruby193/lib/ruby/gems/1.9.1/gems/mime-types-1.18/lib
  4. C:/Ruby193/lib/ruby/gems/1.9.1/gems/kramdown-0.13.7/lib
  5. C:/Ruby193/lib/ruby/gems/1.9.1/gems/json_pure-1.7.6/lib
  6. C:/Ruby193/lib/ruby/gems/1.9.1/gems/fssm-0.2.9/lib
  7. C:/Ruby193/lib/ruby/gems/1.9.1/gems/cri-2.3.0/lib
  8. C:/Ruby193/lib/ruby/gems/1.9.1/gems/colored-1.2/lib
  9. C:/Ruby193/lib/ruby/gems/1.9.1/gems/coderay-1.0.6/lib
  10. C:/Ruby193/lib/ruby/gems/1.9.1/gems/builder-3.1.3/lib
  11. C:/Ruby193/lib/ruby/gems/1.9.1/gems/adsf-1.1.1/lib
  12. C:/Ruby193/lib/ruby/gems/1.9.1/gems/rack-1.4.1/lib
  13. C:/Ruby193/lib/ruby/gems/1.9.1/gems/rake-0.9.2.2/lib
  14. C:/Ruby193/lib/ruby/gems/1.9.1/gems/bundler-1.2.3/lib
  15. C:/Ruby193/lib/ruby/site_ruby/1.9.1
  16. C:/Ruby193/lib/ruby/site_ruby/1.9.1/i386-msvcrt
  17. C:/Ruby193/lib/ruby/site_ruby
  18. C:/Ruby193/lib/ruby/vendor_ruby/1.9.1
  19. C:/Ruby193/lib/ruby/vendor_ruby/1.9.1/i386-msvcrt
  20. C:/Ruby193/lib/ruby/vendor_ruby
  21. C:/Ruby193/lib/ruby/1.9.1
  22. C:/Ruby193/lib/ruby/1.9.1/i386-mingw32
